2024-06-23 00:58:40,177 INFO o.a.j.u.JMeterUtils: Setting Locale to en_EN
2024-06-23 00:58:40,227 INFO o.a.j.JMeter: Loading user properties from: user.properties
2024-06-23 00:58:40,227 INFO o.a.j.JMeter: Loading system properties from: system.properties
2024-06-23 00:58:40,248 INFO o.a.j.JMeter: Copyright (c) 1998-2024 The Apache Software Foundation
2024-06-23 00:58:40,248 INFO o.a.j.JMeter: Version 5.6.3
2024-06-23 00:58:40,248 INFO o.a.j.JMeter: java.version=17.0.10
2024-06-23 00:58:40,249 INFO o.a.j.JMeter: java.vm.name=Java HotSpot(TM) 64-Bit Server VM
2024-06-23 00:58:40,249 INFO o.a.j.JMeter: os.name=Windows 11
2024-06-23 00:58:40,249 INFO o.a.j.JMeter: os.arch=amd64
2024-06-23 00:58:40,249 INFO o.a.j.JMeter: os.version=10.0
2024-06-23 00:58:40,249 INFO o.a.j.JMeter: file.encoding=Cp1255
2024-06-23 00:58:40,249 INFO o.a.j.JMeter: java.awt.headless=null
2024-06-23 00:58:40,249 INFO o.a.j.JMeter: Max memory     =1073741824
2024-06-23 00:58:40,249 INFO o.a.j.JMeter: Available Processors =8
2024-06-23 00:58:40,266 INFO o.a.j.JMeter: Default Locale=English (EN)
2024-06-23 00:58:40,266 INFO o.a.j.JMeter: JMeter  Locale=English (EN)
2024-06-23 00:58:40,266 INFO o.a.j.JMeter: JMeterHome=C:\Users\user\Desktop\אוטומציה\jmeter\apache-jmeter-5.6.3
2024-06-23 00:58:40,266 INFO o.a.j.JMeter: user.dir  =C:\Users\user\Desktop\אוטומציה\jmeter\apache-jmeter-5.6.3\bin
2024-06-23 00:58:40,266 INFO o.a.j.JMeter: PWD       =C:\Users\user\Desktop\אוטומציה\jmeter\apache-jmeter-5.6.3\bin
2024-06-23 00:58:48,554 INFO o.a.j.JMeter: IP: 192.168.44.1 Name: DESKTOP-J1RMPA3 FullName: DESKTOP-J1RMPA3
2024-06-23 00:58:48,641 INFO o.a.j.JMeter: Loaded icon properties from org/apache/jmeter/images/icon.properties
2024-06-23 00:58:49,846 INFO o.a.j.JMeterGuiLauncher: Setting LAF to: com.github.weisj.darklaf.DarkLaf:com.github.weisj.darklaf.theme.DarculaTheme
2024-06-23 01:04:06,471 INFO o.a.j.p.h.s.HTTPSamplerBase: Parser for text/html is org.apache.jmeter.protocol.http.parser.LagartoBasedHtmlParser
2024-06-23 01:04:06,471 INFO o.a.j.p.h.s.HTTPSamplerBase: Parser for application/xhtml+xml is org.apache.jmeter.protocol.http.parser.LagartoBasedHtmlParser
2024-06-23 01:04:06,471 INFO o.a.j.p.h.s.HTTPSamplerBase: Parser for application/xml is org.apache.jmeter.protocol.http.parser.LagartoBasedHtmlParser
2024-06-23 01:04:06,471 INFO o.a.j.p.h.s.HTTPSamplerBase: Parser for text/xml is org.apache.jmeter.protocol.http.parser.LagartoBasedHtmlParser
2024-06-23 01:04:06,471 INFO o.a.j.p.h.s.HTTPSamplerBase: Parser for text/vnd.wap.wml is org.apache.jmeter.protocol.http.parser.RegexpHTMLParser
2024-06-23 01:04:06,471 INFO o.a.j.p.h.s.HTTPSamplerBase: Parser for text/css is org.apache.jmeter.protocol.http.parser.CssParser
2024-06-23 01:11:00,800 INFO o.a.j.s.SampleResult: Note: Sample TimeStamps are START times
2024-06-23 01:11:00,800 INFO o.a.j.s.SampleResult: sampleresult.default.encoding is set to UTF-8
2024-06-23 01:11:00,800 INFO o.a.j.s.SampleResult: sampleresult.useNanoTime=true
2024-06-23 01:11:00,800 INFO o.a.j.s.SampleResult: sampleresult.nanoThreadSleep=5000
2024-06-23 01:12:43,346 INFO o.a.j.e.StandardJMeterEngine: Running the test!
2024-06-23 01:12:43,348 INFO o.a.j.s.SampleEvent: List of sample_variables: []
2024-06-23 01:12:43,348 INFO o.a.j.s.SampleEvent: List of sample_variables: []
2024-06-23 01:12:43,352 INFO o.a.j.e.u.CompoundVariable: Note: Function class names must contain the string: '.functions.'
2024-06-23 01:12:43,352 INFO o.a.j.e.u.CompoundVariable: Note: Function class names must not contain the string: '.gui.'
2024-06-23 01:12:43,544 INFO o.a.j.g.u.JMeterMenuBar: setRunning(true, *local*)
2024-06-23 01:12:43,659 INFO o.a.j.e.StandardJMeterEngine: Starting ThreadGroup: 1 : Test
2024-06-23 01:12:43,660 INFO o.a.j.e.StandardJMeterEngine: Starting 30 threads for group Test.
2024-06-23 01:12:43,660 INFO o.a.j.e.StandardJMeterEngine: Thread will continue on error
2024-06-23 01:12:43,660 INFO o.a.j.t.ThreadGroup: Starting thread group... number=1 threads=30 ramp-up=1 delayedStart=false
2024-06-23 01:12:43,670 INFO o.a.j.t.JMeterThread: Thread started: Test 1-1
2024-06-23 01:12:43,696 INFO o.a.j.t.JMeterThread: Thread started: Test 1-2
2024-06-23 01:12:43,723 INFO o.a.j.t.ThreadGroup: Started thread group number 1
2024-06-23 01:12:43,725 INFO o.a.j.e.StandardJMeterEngine: All thread groups have been started
2024-06-23 01:12:43,730 INFO o.a.j.t.JMeterThread: Thread started: Test 1-3
2024-06-23 01:12:43,746 INFO o.a.j.p.h.s.HTTPHCAbstractImpl: Local host = DESKTOP-J1RMPA3
2024-06-23 01:12:43,765 INFO o.a.j.t.JMeterThread: Thread started: Test 1-4
2024-06-23 01:12:43,778 INFO o.a.j.p.h.s.HTTPHC4Impl: HTTP request retry count = 0
2024-06-23 01:12:43,797 INFO o.a.j.t.JMeterThread: Thread started: Test 1-5
2024-06-23 01:12:43,829 INFO o.a.j.t.JMeterThread: Thread started: Test 1-6
2024-06-23 01:12:43,863 INFO o.a.j.t.JMeterThread: Thread started: Test 1-7
2024-06-23 01:12:43,895 INFO o.a.j.t.JMeterThread: Thread started: Test 1-8
2024-06-23 01:12:43,929 INFO o.a.j.t.JMeterThread: Thread started: Test 1-9
2024-06-23 01:12:43,961 INFO o.a.j.t.JMeterThread: Thread started: Test 1-10
2024-06-23 01:12:43,995 INFO o.a.j.t.JMeterThread: Thread started: Test 1-11
2024-06-23 01:12:44,028 INFO o.a.j.t.JMeterThread: Thread started: Test 1-12
2024-06-23 01:12:44,061 INFO o.a.j.t.JMeterThread: Thread started: Test 1-13
2024-06-23 01:12:44,095 INFO o.a.j.t.JMeterThread: Thread started: Test 1-14
2024-06-23 01:12:44,139 INFO o.a.j.t.JMeterThread: Thread started: Test 1-15
2024-06-23 01:12:44,168 INFO o.a.j.t.JMeterThread: Thread started: Test 1-16
2024-06-23 01:12:44,203 INFO o.a.j.t.JMeterThread: Thread started: Test 1-17
2024-06-23 01:12:44,238 INFO o.a.j.t.JMeterThread: Thread started: Test 1-18
2024-06-23 01:12:44,272 INFO o.a.j.t.JMeterThread: Thread started: Test 1-19
2024-06-23 01:12:44,307 INFO o.a.j.t.JMeterThread: Thread started: Test 1-20
2024-06-23 01:12:44,339 INFO o.a.j.t.JMeterThread: Thread started: Test 1-21
2024-06-23 01:12:44,371 INFO o.a.j.t.JMeterThread: Thread started: Test 1-22
2024-06-23 01:12:44,406 INFO o.a.j.t.JMeterThread: Thread started: Test 1-23
2024-06-23 01:12:44,437 INFO o.a.j.t.JMeterThread: Thread started: Test 1-24
2024-06-23 01:12:44,469 INFO o.a.j.t.JMeterThread: Thread started: Test 1-25
2024-06-23 01:12:44,502 INFO o.a.j.t.JMeterThread: Thread started: Test 1-26
2024-06-23 01:12:44,532 INFO o.a.j.t.JMeterThread: Thread started: Test 1-27
2024-06-23 01:12:44,564 INFO o.a.j.t.JMeterThread: Thread started: Test 1-28
2024-06-23 01:12:44,595 INFO o.a.j.t.JMeterThread: Thread started: Test 1-29
2024-06-23 01:12:44,628 INFO o.a.j.t.JMeterThread: Thread started: Test 1-30
2024-06-23 01:12:44,669 INFO o.a.j.p.h.s.h.LazyLayeredConnectionSocketFactory: Setting up HTTPS TrustAll Socket Factory
2024-06-23 01:12:44,677 INFO o.a.j.u.JsseSSLManager: Using default SSL protocol: TLS
2024-06-23 01:12:44,677 INFO o.a.j.u.JsseSSLManager: SSL session context: per-thread
2024-06-23 01:12:44,907 INFO o.a.j.u.SSLManager: JmeterKeyStore Location:  type JKS
2024-06-23 01:12:44,914 INFO o.a.j.u.SSLManager: KeyStore created OK
2024-06-23 01:12:44,914 WARN o.a.j.u.SSLManager: Keystore file not found, loading empty keystore
2024-06-23 01:15:16,832 INFO o.a.j.t.JMeterThread: Thread is done: Test 1-21
2024-06-23 01:15:16,832 INFO o.a.j.t.JMeterThread: Thread finished: Test 1-21
2024-06-23 01:15:17,252 INFO o.a.j.t.JMeterThread: Thread is done: Test 1-8
2024-06-23 01:15:17,252 INFO o.a.j.t.JMeterThread: Thread finished: Test 1-8
2024-06-23 01:15:19,031 INFO o.a.j.t.JMeterThread: Thread is done: Test 1-14
2024-06-23 01:15:19,031 INFO o.a.j.t.JMeterThread: Thread finished: Test 1-14
2024-06-23 01:15:24,613 INFO o.a.j.t.JMeterThread: Thread is done: Test 1-27
2024-06-23 01:15:24,613 INFO o.a.j.t.JMeterThread: Thread finished: Test 1-27
2024-06-23 01:15:25,200 INFO o.a.j.t.JMeterThread: Thread is done: Test 1-2
2024-06-23 01:15:25,201 INFO o.a.j.t.JMeterThread: Thread finished: Test 1-2
2024-06-23 01:15:28,172 INFO o.a.j.t.JMeterThread: Thread is done: Test 1-24
2024-06-23 01:15:28,172 INFO o.a.j.t.JMeterThread: Thread finished: Test 1-24
2024-06-23 01:15:34,282 INFO o.a.j.t.JMeterThread: Thread is done: Test 1-4
2024-06-23 01:15:34,282 INFO o.a.j.t.JMeterThread: Thread finished: Test 1-4
2024-06-23 01:15:34,782 INFO o.a.j.t.JMeterThread: Thread is done: Test 1-12
2024-06-23 01:15:34,783 INFO o.a.j.t.JMeterThread: Thread finished: Test 1-12
2024-06-23 01:15:35,611 INFO o.a.j.t.JMeterThread: Thread is done: Test 1-18
2024-06-23 01:15:35,612 INFO o.a.j.t.JMeterThread: Thread finished: Test 1-18
2024-06-23 01:15:36,580 INFO o.a.j.t.JMeterThread: Thread is done: Test 1-6
2024-06-23 01:15:36,581 INFO o.a.j.t.JMeterThread: Thread finished: Test 1-6
2024-06-23 01:15:37,785 INFO o.a.j.t.JMeterThread: Thread is done: Test 1-5
2024-06-23 01:15:37,785 INFO o.a.j.t.JMeterThread: Thread finished: Test 1-5
2024-06-23 01:15:40,000 INFO o.a.j.t.JMeterThread: Thread is done: Test 1-11
2024-06-23 01:15:40,000 INFO o.a.j.t.JMeterThread: Thread finished: Test 1-11
2024-06-23 01:15:40,217 INFO o.a.j.t.JMeterThread: Thread is done: Test 1-28
2024-06-23 01:15:40,217 INFO o.a.j.t.JMeterThread: Thread finished: Test 1-28
2024-06-23 01:15:40,560 INFO o.a.j.t.JMeterThread: Thread is done: Test 1-26
2024-06-23 01:15:40,560 INFO o.a.j.t.JMeterThread: Thread finished: Test 1-26
2024-06-23 01:15:43,209 INFO o.a.j.t.JMeterThread: Thread is done: Test 1-20
2024-06-23 01:15:43,209 INFO o.a.j.t.JMeterThread: Thread finished: Test 1-20
2024-06-23 01:15:44,773 INFO o.a.j.t.JMeterThread: Thread is done: Test 1-7
2024-06-23 01:15:44,773 INFO o.a.j.t.JMeterThread: Thread finished: Test 1-7
2024-06-23 01:15:45,449 INFO o.a.j.t.JMeterThread: Thread is done: Test 1-9
2024-06-23 01:15:45,449 INFO o.a.j.t.JMeterThread: Thread finished: Test 1-9
2024-06-23 01:15:47,759 INFO o.a.j.t.JMeterThread: Thread is done: Test 1-15
2024-06-23 01:15:47,759 INFO o.a.j.t.JMeterThread: Thread finished: Test 1-15
2024-06-23 01:15:48,335 INFO o.a.j.t.JMeterThread: Thread is done: Test 1-10
2024-06-23 01:15:48,336 INFO o.a.j.t.JMeterThread: Thread finished: Test 1-10
2024-06-23 01:15:50,247 INFO o.a.j.t.JMeterThread: Thread is done: Test 1-19
2024-06-23 01:15:50,247 INFO o.a.j.t.JMeterThread: Thread finished: Test 1-19
2024-06-23 01:15:50,634 INFO o.a.j.t.JMeterThread: Thread is done: Test 1-1
2024-06-23 01:15:50,634 INFO o.a.j.t.JMeterThread: Thread finished: Test 1-1
2024-06-23 01:15:50,883 INFO o.a.j.t.JMeterThread: Thread is done: Test 1-25
2024-06-23 01:15:50,884 INFO o.a.j.t.JMeterThread: Thread finished: Test 1-25
2024-06-23 01:15:51,247 INFO o.a.j.t.JMeterThread: Thread is done: Test 1-22
2024-06-23 01:15:51,247 INFO o.a.j.t.JMeterThread: Thread finished: Test 1-22
2024-06-23 01:15:51,324 INFO o.a.j.t.JMeterThread: Thread is done: Test 1-16
2024-06-23 01:15:51,324 INFO o.a.j.t.JMeterThread: Thread finished: Test 1-16
2024-06-23 01:15:51,354 INFO o.a.j.t.JMeterThread: Thread is done: Test 1-30
2024-06-23 01:15:51,354 INFO o.a.j.t.JMeterThread: Thread finished: Test 1-30
2024-06-23 01:15:52,466 INFO o.a.j.t.JMeterThread: Thread is done: Test 1-23
2024-06-23 01:15:52,466 INFO o.a.j.t.JMeterThread: Thread finished: Test 1-23
2024-06-23 01:15:52,859 INFO o.a.j.t.JMeterThread: Thread is done: Test 1-29
2024-06-23 01:15:52,859 INFO o.a.j.t.JMeterThread: Thread finished: Test 1-29
2024-06-23 01:15:53,289 INFO o.a.j.t.JMeterThread: Thread is done: Test 1-17
2024-06-23 01:15:53,289 INFO o.a.j.t.JMeterThread: Thread finished: Test 1-17
2024-06-23 01:15:54,373 INFO o.a.j.t.JMeterThread: Thread is done: Test 1-3
2024-06-23 01:15:54,374 INFO o.a.j.t.JMeterThread: Thread finished: Test 1-3
2024-06-23 01:15:55,567 INFO o.a.j.t.JMeterThread: Thread is done: Test 1-13
2024-06-23 01:15:55,569 INFO o.a.j.t.JMeterThread: Thread finished: Test 1-13
2024-06-23 01:15:55,570 INFO o.a.j.e.StandardJMeterEngine: Notifying test listeners of end of test
2024-06-23 01:15:55,579 INFO o.a.j.s.FileServer: Default base='C:\Users\user\Desktop\אוטומציה\jmeter\apache-jmeter-5.6.3\bin'
2024-06-23 01:15:55,579 INFO o.a.j.g.u.JMeterMenuBar: setRunning(false, *local*)
2024-06-23 01:17:37,687 INFO o.a.j.e.StandardJMeterEngine: Running the test!
2024-06-23 01:17:37,687 INFO o.a.j.s.SampleEvent: List of sample_variables: []
2024-06-23 01:17:37,688 INFO o.a.j.g.u.JMeterMenuBar: setRunning(true, *local*)
2024-06-23 01:17:37,799 INFO o.a.j.e.StandardJMeterEngine: Starting ThreadGroup: 1 : Test
2024-06-23 01:17:37,799 INFO o.a.j.e.StandardJMeterEngine: Starting 30 threads for group Test.
2024-06-23 01:17:37,799 INFO o.a.j.e.StandardJMeterEngine: Thread will continue on error
2024-06-23 01:17:37,799 INFO o.a.j.t.ThreadGroup: Starting thread group... number=1 threads=30 ramp-up=1 delayedStart=false
2024-06-23 01:17:37,810 INFO o.a.j.t.JMeterThread: Thread started: Test 1-1
2024-06-23 01:17:37,837 INFO o.a.j.t.JMeterThread: Thread started: Test 1-2
2024-06-23 01:17:37,843 INFO o.a.j.t.ThreadGroup: Started thread group number 1
2024-06-23 01:17:37,843 INFO o.a.j.e.StandardJMeterEngine: All thread groups have been started
2024-06-23 01:17:37,871 INFO o.a.j.t.JMeterThread: Thread started: Test 1-3
2024-06-23 01:17:37,907 INFO o.a.j.t.JMeterThread: Thread started: Test 1-4
2024-06-23 01:17:37,938 INFO o.a.j.t.JMeterThread: Thread started: Test 1-5
2024-06-23 01:17:37,978 INFO o.a.j.t.JMeterThread: Thread started: Test 1-6
2024-06-23 01:17:38,005 INFO o.a.j.t.JMeterThread: Thread started: Test 1-7
2024-06-23 01:17:38,045 INFO o.a.j.t.JMeterThread: Thread started: Test 1-8
2024-06-23 01:17:38,077 INFO o.a.j.t.JMeterThread: Thread started: Test 1-9
2024-06-23 01:17:38,101 INFO o.a.j.t.JMeterThread: Thread started: Test 1-10
2024-06-23 01:17:38,132 INFO o.a.j.t.JMeterThread: Thread started: Test 1-11
2024-06-23 01:17:38,173 INFO o.a.j.t.JMeterThread: Thread started: Test 1-12
2024-06-23 01:17:38,205 INFO o.a.j.t.JMeterThread: Thread started: Test 1-13
2024-06-23 01:17:38,234 INFO o.a.j.t.JMeterThread: Thread started: Test 1-14
2024-06-23 01:17:38,268 INFO o.a.j.t.JMeterThread: Thread started: Test 1-15
2024-06-23 01:17:38,303 INFO o.a.j.t.JMeterThread: Thread started: Test 1-16
2024-06-23 01:17:38,335 INFO o.a.j.t.JMeterThread: Thread started: Test 1-17
2024-06-23 01:17:38,368 INFO o.a.j.t.JMeterThread: Thread started: Test 1-18
2024-06-23 01:17:38,398 INFO o.a.j.t.JMeterThread: Thread started: Test 1-19
2024-06-23 01:17:38,431 INFO o.a.j.t.JMeterThread: Thread started: Test 1-20
2024-06-23 01:17:38,464 INFO o.a.j.t.JMeterThread: Thread started: Test 1-21
2024-06-23 01:17:38,496 INFO o.a.j.t.JMeterThread: Thread started: Test 1-22
2024-06-23 01:17:38,527 INFO o.a.j.t.JMeterThread: Thread started: Test 1-23
2024-06-23 01:17:38,562 INFO o.a.j.t.JMeterThread: Thread started: Test 1-24
2024-06-23 01:17:38,595 INFO o.a.j.t.JMeterThread: Thread started: Test 1-25
2024-06-23 01:17:38,629 INFO o.a.j.t.JMeterThread: Thread started: Test 1-26
2024-06-23 01:17:38,662 INFO o.a.j.t.JMeterThread: Thread started: Test 1-27
2024-06-23 01:17:38,696 INFO o.a.j.t.JMeterThread: Thread started: Test 1-28
2024-06-23 01:17:38,730 INFO o.a.j.t.JMeterThread: Thread started: Test 1-29
2024-06-23 01:17:38,760 INFO o.a.j.t.JMeterThread: Thread started: Test 1-30
2024-06-23 01:20:10,147 INFO o.a.j.t.JMeterThread: Thread is done: Test 1-7
2024-06-23 01:20:10,147 INFO o.a.j.t.JMeterThread: Thread finished: Test 1-7
2024-06-23 01:20:25,504 INFO o.a.j.t.JMeterThread: Thread is done: Test 1-14
2024-06-23 01:20:25,504 INFO o.a.j.t.JMeterThread: Thread finished: Test 1-14
2024-06-23 01:20:25,804 INFO o.a.j.t.JMeterThread: Thread is done: Test 1-5
2024-06-23 01:20:25,804 INFO o.a.j.t.JMeterThread: Thread finished: Test 1-5
2024-06-23 01:20:29,148 INFO o.a.j.t.JMeterThread: Thread is done: Test 1-8
2024-06-23 01:20:29,148 INFO o.a.j.t.JMeterThread: Thread finished: Test 1-8
2024-06-23 01:20:33,821 INFO o.a.j.t.JMeterThread: Thread is done: Test 1-17
2024-06-23 01:20:33,821 INFO o.a.j.t.JMeterThread: Thread finished: Test 1-17
2024-06-23 01:20:33,942 INFO o.a.j.t.JMeterThread: Thread is done: Test 1-24
2024-06-23 01:20:33,942 INFO o.a.j.t.JMeterThread: Thread finished: Test 1-24
2024-06-23 01:20:36,979 INFO o.a.j.t.JMeterThread: Thread is done: Test 1-16
2024-06-23 01:20:36,979 INFO o.a.j.t.JMeterThread: Thread finished: Test 1-16
2024-06-23 01:20:37,167 INFO o.a.j.t.JMeterThread: Thread is done: Test 1-27
2024-06-23 01:20:37,167 INFO o.a.j.t.JMeterThread: Thread finished: Test 1-27
2024-06-23 01:20:38,630 INFO o.a.j.t.JMeterThread: Thread is done: Test 1-1
2024-06-23 01:20:38,630 INFO o.a.j.t.JMeterThread: Thread finished: Test 1-1
2024-06-23 01:20:45,465 INFO o.a.j.t.JMeterThread: Thread is done: Test 1-3
2024-06-23 01:20:45,466 INFO o.a.j.t.JMeterThread: Thread finished: Test 1-3
2024-06-23 01:20:47,558 INFO o.a.j.t.JMeterThread: Thread is done: Test 1-28
2024-06-23 01:20:47,558 INFO o.a.j.t.JMeterThread: Thread finished: Test 1-28
2024-06-23 01:20:47,592 INFO o.a.j.t.JMeterThread: Thread is done: Test 1-11
2024-06-23 01:20:47,592 INFO o.a.j.t.JMeterThread: Thread finished: Test 1-11
2024-06-23 01:20:55,574 INFO o.a.j.t.JMeterThread: Thread is done: Test 1-26
2024-06-23 01:20:55,574 INFO o.a.j.t.JMeterThread: Thread finished: Test 1-26
2024-06-23 01:20:56,660 INFO o.a.j.t.JMeterThread: Thread is done: Test 1-10
2024-06-23 01:20:56,661 INFO o.a.j.t.JMeterThread: Thread finished: Test 1-10
2024-06-23 01:20:57,918 INFO o.a.j.t.JMeterThread: Thread is done: Test 1-13
2024-06-23 01:20:57,918 INFO o.a.j.t.JMeterThread: Thread finished: Test 1-13
2024-06-23 01:21:01,557 INFO o.a.j.t.JMeterThread: Thread is done: Test 1-18
2024-06-23 01:21:01,557 INFO o.a.j.t.JMeterThread: Thread finished: Test 1-18
2024-06-23 01:21:01,695 INFO o.a.j.t.JMeterThread: Thread is done: Test 1-20
2024-06-23 01:21:01,695 INFO o.a.j.t.JMeterThread: Thread finished: Test 1-20
2024-06-23 01:21:02,544 INFO o.a.j.t.JMeterThread: Thread is done: Test 1-12
2024-06-23 01:21:02,544 INFO o.a.j.t.JMeterThread: Thread finished: Test 1-12
2024-06-23 01:21:02,732 INFO o.a.j.t.JMeterThread: Thread is done: Test 1-30
2024-06-23 01:21:02,732 INFO o.a.j.t.JMeterThread: Thread finished: Test 1-30
2024-06-23 01:21:03,694 INFO o.a.j.t.JMeterThread: Thread is done: Test 1-2
2024-06-23 01:21:03,694 INFO o.a.j.t.JMeterThread: Thread finished: Test 1-2
2024-06-23 01:21:04,016 INFO o.a.j.t.JMeterThread: Thread is done: Test 1-21
2024-06-23 01:21:04,016 INFO o.a.j.t.JMeterThread: Thread finished: Test 1-21
2024-06-23 01:21:05,227 INFO o.a.j.t.JMeterThread: Thread is done: Test 1-22
2024-06-23 01:21:05,227 INFO o.a.j.t.JMeterThread: Thread finished: Test 1-22
2024-06-23 01:21:05,419 INFO o.a.j.t.JMeterThread: Thread is done: Test 1-6
2024-06-23 01:21:05,419 INFO o.a.j.t.JMeterThread: Thread finished: Test 1-6
2024-06-23 01:21:05,752 INFO o.a.j.t.JMeterThread: Thread is done: Test 1-25
2024-06-23 01:21:05,752 INFO o.a.j.t.JMeterThread: Thread finished: Test 1-25
2024-06-23 01:21:05,774 INFO o.a.j.t.JMeterThread: Thread is done: Test 1-29
2024-06-23 01:21:05,774 INFO o.a.j.t.JMeterThread: Thread finished: Test 1-29
2024-06-23 01:21:05,967 INFO o.a.j.t.JMeterThread: Thread is done: Test 1-9
2024-06-23 01:21:05,967 INFO o.a.j.t.JMeterThread: Thread finished: Test 1-9
2024-06-23 01:21:07,121 INFO o.a.j.t.JMeterThread: Thread is done: Test 1-15
2024-06-23 01:21:07,121 INFO o.a.j.t.JMeterThread: Thread finished: Test 1-15
2024-06-23 01:21:07,525 INFO o.a.j.t.JMeterThread: Thread is done: Test 1-19
2024-06-23 01:21:07,525 INFO o.a.j.t.JMeterThread: Thread finished: Test 1-19
2024-06-23 01:21:08,709 INFO o.a.j.t.JMeterThread: Thread is done: Test 1-23
2024-06-23 01:21:08,709 INFO o.a.j.t.JMeterThread: Thread finished: Test 1-23
2024-06-23 01:21:09,079 INFO o.a.j.t.JMeterThread: Thread is done: Test 1-4
2024-06-23 01:21:09,082 INFO o.a.j.t.JMeterThread: Thread finished: Test 1-4
2024-06-23 01:21:09,083 INFO o.a.j.e.StandardJMeterEngine: Notifying test listeners of end of test
2024-06-23 01:21:09,083 INFO o.a.j.g.u.JMeterMenuBar: setRunning(false, *local*)
